<?xml version="1.0" encoding="UTF-8"?>
<testsuite name="org.kearis.formation.javaee7.chapitre1.ex01.Book01IT" time="0.026" tests="1" errors="1" skipped="0" failures="0">
  <properties>
[...]
</properties>
  <testcase name="shouldCreateABook" classname="org.kearis.formation.javaee7.chapitre1.ex01.Book01IT" time="0.026">
    <error message="Unknown entity bean class: class org.kearis.formation.javaee7.chapitre1.ex01.Book01, please verify that this class has been marked with the @Entity annotation." type="java.lang.IllegalArgumentException">java.lang.IllegalArgumentException: Unknown entity bean class: class org.kearis.formation.javaee7.chapitre1.ex01.Book01, please verify that this class has been marked with the @Entity annotation.
	at org.eclipse.persistence.internal.jpa.EntityManagerImpl.find(EntityManagerImpl.java:707)
	at org.eclipse.persistence.internal.jpa.EntityManagerImpl.find(EntityManagerImpl.java:588)
	at org.kearis.formation.javaee7.chapitre1.ex01.Book01IT.shouldCreateABook(Book01IT.java:19)
</error>
    <system-out><![CDATA[[EL Info]: 2015-09-22 00:10:20.741--ServerSession(820914198)--EclipseLink, version: Eclipse Persistence Services - 2.5.1.v20130918-f2b9fc5
[EL Info]: connection: 2015-09-22 00:10:21.54--ServerSession(820914198)--file:/Users/poutsjr/workspace/javaee7/chapitre1/chapitre1-samples/target/classes/_chapitre1PU login successful
[EL Warning]: metamodel: 2015-09-22 00:10:21.559--The collection of metamodel types is empty. Model classes may not have been found during entity search for Java SE and some Java EE container managed persistence units.  Please verify that your entity classes are referenced in persistence.xml using either <class> elements or a global <exclude-unlisted-classes>false</exclude-unlisted-classes> element
]]></system-out>
  </testcase>
</testsuite>